<?xml version="1.0" encoding="UTF-8"?>
<!-- Generated by org.testng.reporters.JUnitReportReporter -->
<testsuite skipped="0" hostname="welcome-PC" name="bdd.APIFramework.AppTest" tests="1" failures="0" timestamp="2020-04-30T00:36:38 IST" time="0.007" errors="0">
  <testcase name="testApp" time="0.007" classname="bdd.APIFramework.AppTest"/>
  <system-out/>
</testsuite> <!-- bdd.APIFramework.AppTest -->
